2020-06-24 10:38:23,561 INFO Starting Nacos on 7d1be4c47823 with PID 21 (/home/nacos/target/nacos-server.jar started by root in /home/nacos)

2020-06-24 10:38:23,589 INFO The following profiles are active: standalone

2020-06-24 10:38:28,495 INFO Bean 'org.springframework.security.config.annotation.configuration.ObjectPostProcessorConfiguration' of type [org.springframework.security.config.annotation.configuration.ObjectPostProcessorConfiguration$$EnhancerBySpringCGLIB$$4bb6fd7d] is not eligible for getting processed by all BeanPostProcessors (for example: not eligible for auto-proxying)

2020-06-24 10:38:28,752 INFO Bean 'objectPostProcessor' of type [org.springframework.security.config.annotation.configuration.AutowireBeanFactoryObjectPostProcessor] is not eligible for getting processed by all BeanPostProcessors (for example: not eligible for auto-proxying)

2020-06-24 10:38:28,767 INFO Bean 'org.springframework.security.access.expression.method.DefaultMethodSecurityExpressionHandler@30bce90b' of type [org.springframework.security.access.expression.method.DefaultMethodSecurityExpressionHandler] is not eligible for getting processed by all BeanPostProcessors (for example: not eligible for auto-proxying)

2020-06-24 10:38:28,779 INFO Bean 'org.springframework.security.config.annotation.method.configuration.GlobalMethodSecurityConfiguration' of type [org.springframework.security.config.annotation.method.configuration.GlobalMethodSecurityConfiguration$$EnhancerBySpringCGLIB$$708ba02f] is not eligible for getting processed by all BeanPostProcessors (for example: not eligible for auto-proxying)

2020-06-24 10:38:28,799 INFO Bean 'methodSecurityMetadataSource' of type [org.springframework.security.access.method.DelegatingMethodSecurityMetadataSource] is not eligible for getting processed by all BeanPostProcessors (for example: not eligible for auto-proxying)

2020-06-24 10:38:29,777 INFO Tomcat initialized with port(s): 8848 (http)

2020-06-24 10:38:29,835 INFO Starting service [Tomcat]

2020-06-24 10:38:29,836 INFO Starting Servlet Engine: Apache Tomcat/9.0.13

2020-06-24 10:38:29,862 INFO The APR based Apache Tomcat Native library which allows optimal performance in production environments was not found on the java.library.path: [/usr/java/packages/lib/amd64:/usr/lib64:/lib64:/lib:/usr/lib]

2020-06-24 10:38:30,121 INFO Initializing Spring embedded WebApplicationContext

2020-06-24 10:38:30,122 INFO Root WebApplicationContext: initialization completed in 6395 ms

2020-06-24 10:38:31,261 WARN HikariPool-1 - idleTimeout has been set but has no effect because the pool is operating as a fixed size pool.

2020-06-24 10:38:31,263 INFO HikariPool-1 - Starting...

2020-06-24 10:38:31,298 WARN Registered driver with driverClassName=org.apache.derby.jdbc.EmbeddedDriver was not found, trying direct instantiation.

2020-06-24 10:38:33,224 INFO HikariPool-1 - Driver does not support get/set network timeout for connections. (Feature not implemented: No details.)

2020-06-24 10:38:33,233 INFO HikariPool-1 - Start completed.

2020-06-24 10:38:35,713 INFO Nacos-related cluster resource initialization

2020-06-24 10:38:35,762 INFO The cluster resource is initialized

2020-06-24 10:38:36,815 INFO Reflections took 149 ms to scan 1 urls, producing 6 keys and 24 values 

2020-06-24 10:38:36,923 INFO Reflections took 5 ms to scan 1 urls, producing 2 keys and 12 values 

2020-06-24 10:38:36,947 INFO Reflections took 6 ms to scan 1 urls, producing 3 keys and 15 values 

2020-06-24 10:38:39,091 INFO Initializing ExecutorService 'applicationTaskExecutor'

2020-06-24 10:38:39,348 INFO Adding welcome page: class path resource [static/index.html]

2020-06-24 10:38:40,379 INFO Creating filter chain: Ant [pattern='/**'], []

2020-06-24 10:38:40,545 INFO Creating filter chain: any request, [org.springframework.security.web.context.request.async.WebAsyncManagerIntegrationFilter@307765b4, org.springframework.security.web.context.SecurityContextPersistenceFilter@19b30c92, org.springframework.security.web.header.HeaderWriterFilter@4b21844c, org.springframework.security.web.csrf.CsrfFilter@552518c3, org.springframework.security.web.authentication.logout.LogoutFilter@7a138fc5, org.springframework.security.web.savedrequest.RequestCacheAwareFilter@29876704, org.springframework.security.web.servletapi.SecurityContextHolderAwareRequestFilter@16423501, org.springframework.security.web.authentication.AnonymousAuthenticationFilter@4a9e6faf, org.springframework.security.web.session.SessionManagementFilter@138fe6ec, org.springframework.security.web.access.ExceptionTranslationFilter@59aa20b3]

2020-06-24 10:38:40,858 INFO Exposing 16 endpoint(s) beneath base path '/actuator'

2020-06-24 10:38:40,927 INFO Initializing ExecutorService 'taskScheduler'

2020-06-24 10:38:41,253 INFO Tomcat started on port(s): 8848 (http) with context path '/nacos'

2020-06-24 10:38:41,272 INFO Started Nacos in 20.457 seconds (JVM running for 22.002)

2020-06-24 10:38:41,274 INFO Nacos Log files: /home/nacos/logs

2020-06-24 10:38:41,279 INFO Nacos Log files: /home/nacos/conf

2020-06-24 10:38:41,280 INFO Nacos Log files: /home/nacos/data

2020-06-24 10:38:41,281 INFO Nacos started successfully in stand alone mode. use embedded storage

2020-06-24 10:38:42,239 INFO Initializing Spring DispatcherServlet 'dispatcherServlet'

2020-06-24 10:38:42,243 INFO Initializing Servlet 'dispatcherServlet'

2020-06-24 10:38:42,262 INFO Completed initialization in 18 ms

2020-06-24 10:48:37,375 INFO [capacityManagement] start correct usage

2020-06-24 10:48:37,438 INFO [capacityManagement] end correct usage, cost: 0s

2020-06-24 10:48:37,898 WARN clearConfigHistory start

2020-06-24 10:58:37,439 INFO [capacityManagement] start correct usage

2020-06-24 10:58:37,442 INFO [capacityManagement] end correct usage, cost: 0s

2020-06-24 10:58:37,934 WARN clearConfigHistory start

2020-06-24 11:08:37,444 INFO [capacityManagement] start correct usage

2020-06-24 11:08:37,448 INFO [capacityManagement] end correct usage, cost: 0s

2020-06-24 11:08:37,938 WARN clearConfigHistory start

2020-06-24 11:18:37,449 INFO [capacityManagement] start correct usage

2020-06-24 11:18:37,455 INFO [capacityManagement] end correct usage, cost: 0s

2020-06-24 11:18:37,941 WARN clearConfigHistory start

2020-06-24 11:28:37,459 INFO [capacityManagement] start correct usage

2020-06-24 11:28:37,463 INFO [capacityManagement] end correct usage, cost: 0s

2020-06-24 11:28:37,943 WARN clearConfigHistory start

2020-06-24 11:38:37,464 INFO [capacityManagement] start correct usage

2020-06-24 11:38:37,467 INFO [capacityManagement] end correct usage, cost: 0s

2020-06-24 11:38:37,946 WARN clearConfigHistory start

2020-06-24 11:48:37,469 INFO [capacityManagement] start correct usage

2020-06-24 11:48:37,471 INFO [capacityManagement] end correct usage, cost: 0s

2020-06-24 11:48:37,950 WARN clearConfigHistory start

2020-06-24 11:58:37,471 INFO [capacityManagement] start correct usage

2020-06-24 11:58:37,475 INFO [capacityManagement] end correct usage, cost: 0s

2020-06-24 11:58:37,954 WARN clearConfigHistory start

2020-06-24 12:08:37,477 INFO [capacityManagement] start correct usage

2020-06-24 12:08:37,478 INFO [capacityManagement] end correct usage, cost: 0s

2020-06-24 12:08:37,956 WARN clearConfigHistory start

2020-06-24 12:18:37,479 INFO [capacityManagement] start correct usage

2020-06-24 12:18:37,481 INFO [capacityManagement] end correct usage, cost: 0s

2020-06-24 12:18:37,959 WARN clearConfigHistory start

2020-06-24 12:28:37,482 INFO [capacityManagement] start correct usage

2020-06-24 12:28:37,485 INFO [capacityManagement] end correct usage, cost: 0s

2020-06-24 12:28:37,963 WARN clearConfigHistory start

2020-06-24 12:38:37,486 INFO [capacityManagement] start correct usage

2020-06-24 12:38:37,487 INFO [capacityManagement] end correct usage, cost: 0s

2020-06-24 12:38:37,966 WARN clearConfigHistory start

2020-06-24 12:48:37,488 INFO [capacityManagement] start correct usage

2020-06-24 12:48:37,491 INFO [capacityManagement] end correct usage, cost: 0s

2020-06-24 12:48:37,968 WARN clearConfigHistory start

2020-06-24 12:58:37,493 INFO [capacityManagement] start correct usage

2020-06-24 12:58:37,498 INFO [capacityManagement] end correct usage, cost: 0s

2020-06-24 12:58:37,975 WARN clearConfigHistory start

2020-06-24 13:08:37,502 INFO [capacityManagement] start correct usage

2020-06-24 13:08:37,504 INFO [capacityManagement] end correct usage, cost: 0s

2020-06-24 13:08:37,977 WARN clearConfigHistory start

2020-06-24 13:18:37,505 INFO [capacityManagement] start correct usage

2020-06-24 13:18:37,507 INFO [capacityManagement] end correct usage, cost: 0s

2020-06-24 13:18:37,981 WARN clearConfigHistory start

2020-06-24 13:28:37,508 INFO [capacityManagement] start correct usage

2020-06-24 13:28:37,510 INFO [capacityManagement] end correct usage, cost: 0s

2020-06-24 13:28:37,985 WARN clearConfigHistory start

2020-06-24 13:38:37,512 INFO [capacityManagement] start correct usage

2020-06-24 13:38:37,514 INFO [capacityManagement] end correct usage, cost: 0s

2020-06-24 13:38:37,988 WARN clearConfigHistory start

2020-06-24 13:48:37,516 INFO [capacityManagement] start correct usage

2020-06-24 13:48:37,518 INFO [capacityManagement] end correct usage, cost: 0s

2020-06-24 13:48:37,990 WARN clearConfigHistory start

2020-06-24 13:58:37,519 INFO [capacityManagement] start correct usage

2020-06-24 13:58:37,523 INFO [capacityManagement] end correct usage, cost: 0s

2020-06-24 13:58:37,993 WARN clearConfigHistory start

2020-06-24 14:08:37,527 INFO [capacityManagement] start correct usage

2020-06-24 14:08:37,530 INFO [capacityManagement] end correct usage, cost: 0s

2020-06-24 14:08:37,997 WARN clearConfigHistory start

2020-06-24 14:18:37,531 INFO [capacityManagement] start correct usage

2020-06-24 14:18:37,535 INFO [capacityManagement] end correct usage, cost: 0s

2020-06-24 14:18:38,001 WARN clearConfigHistory start

2020-06-24 14:28:37,539 INFO [capacityManagement] start correct usage

2020-06-24 14:28:37,542 INFO [capacityManagement] end correct usage, cost: 0s

2020-06-24 14:28:38,002 WARN clearConfigHistory start

2020-06-24 14:38:37,544 INFO [capacityManagement] start correct usage

2020-06-24 14:38:37,547 INFO [capacityManagement] end correct usage, cost: 0s

2020-06-24 14:38:38,005 WARN clearConfigHistory start

