2020-06-24 10:39:07,917 INFO PERFORMANCE:|0|0|-1|-1

2020-06-24 10:44:07,969 INFO PERFORMANCE:|0|0|-1|-1

2020-06-24 10:49:07,974 INFO PERFORMANCE:|0|0|-1|-1

2020-06-24 10:54:07,979 INFO PERFORMANCE:|0|0|-1|-1

2020-06-24 10:59:07,981 INFO PERFORMANCE:|0|0|-1|-1

2020-06-24 11:04:07,983 INFO PERFORMANCE:|0|0|-1|-1

2020-06-24 11:09:07,985 INFO PERFORMANCE:|0|0|-1|-1

2020-06-24 11:14:07,987 INFO PERFORMANCE:|0|0|-1|-1

2020-06-24 11:19:07,989 INFO PERFORMANCE:|0|0|-1|-1

2020-06-24 11:24:07,991 INFO PERFORMANCE:|0|0|-1|-1

2020-06-24 11:29:07,993 INFO PERFORMANCE:|0|0|-1|-1

2020-06-24 11:34:07,996 INFO PERFORMANCE:|1|1|-1|-1

2020-06-24 11:39:07,998 INFO PERFORMANCE:|1|1|-1|-1

2020-06-24 11:44:07,999 INFO PERFORMANCE:|1|1|-1|-1

2020-06-24 11:49:08,003 INFO PERFORMANCE:|1|1|-1|-1

2020-06-24 11:54:08,004 INFO PERFORMANCE:|2|2|-1|-1

2020-06-24 11:59:08,006 INFO PERFORMANCE:|2|2|-1|-1

2020-06-24 12:04:08,008 INFO PERFORMANCE:|2|2|-1|-1

2020-06-24 12:09:08,010 INFO PERFORMANCE:|2|2|-1|-1

2020-06-24 12:14:08,013 INFO PERFORMANCE:|2|2|-1|-1

2020-06-24 12:19:08,015 INFO PERFORMANCE:|2|2|-1|-1

2020-06-24 12:24:08,018 INFO PERFORMANCE:|3|3|-1|-1

2020-06-24 12:29:08,021 INFO PERFORMANCE:|3|3|-1|-1

2020-06-24 12:34:08,023 INFO PERFORMANCE:|3|3|-1|-1

2020-06-24 12:39:08,025 INFO PERFORMANCE:|3|3|-1|-1

2020-06-24 12:44:08,028 INFO PERFORMANCE:|3|3|-1|-1

2020-06-24 12:49:08,030 INFO PERFORMANCE:|3|3|-1|-1

2020-06-24 12:54:08,032 INFO PERFORMANCE:|3|3|-1|-1

2020-06-24 12:59:08,034 INFO PERFORMANCE:|3|3|-1|-1

2020-06-24 13:04:08,037 INFO PERFORMANCE:|3|3|-1|-1

2020-06-24 13:09:08,039 INFO PERFORMANCE:|3|3|-1|-1

2020-06-24 13:14:08,043 INFO PERFORMANCE:|3|3|-1|-1

2020-06-24 13:19:08,045 INFO PERFORMANCE:|3|3|-1|-1

2020-06-24 13:24:08,049 INFO PERFORMANCE:|3|3|-1|-1

2020-06-24 13:29:08,053 INFO PERFORMANCE:|3|3|-1|-1

2020-06-24 13:34:08,056 INFO PERFORMANCE:|3|3|-1|-1

2020-06-24 13:39:08,057 INFO PERFORMANCE:|3|3|-1|-1

2020-06-24 13:44:08,059 INFO PERFORMANCE:|3|3|-1|-1

2020-06-24 13:49:08,061 INFO PERFORMANCE:|3|3|-1|-1

2020-06-24 13:54:08,063 INFO PERFORMANCE:|3|3|-1|-1

2020-06-24 13:59:08,066 INFO PERFORMANCE:|3|3|-1|-1

2020-06-24 14:04:08,068 INFO PERFORMANCE:|3|3|-1|-1

2020-06-24 14:09:08,073 INFO PERFORMANCE:|3|3|-1|-1

2020-06-24 14:14:08,075 INFO PERFORMANCE:|3|3|-1|-1

2020-06-24 14:19:08,078 INFO PERFORMANCE:|3|3|-1|-1

2020-06-24 14:24:08,080 INFO PERFORMANCE:|3|3|-1|-1

2020-06-24 14:29:08,084 INFO PERFORMANCE:|3|3|-1|-1

2020-06-24 14:34:08,086 INFO PERFORMANCE:|3|3|-1|-1

2020-06-24 14:39:08,087 INFO PERFORMANCE:|3|3|-1|-1

2020-06-24 14:44:08,089 INFO PERFORMANCE:|3|1|-1|-1

